Analysis & Synthesis report for ALU
Sun Aug 25 14:50:26 2024
Quartus Prime Version 23.1std.1 Build 993 05/14/2024 SC Lite Edition


---------------------
; Table of Contents ;
---------------------
  1. Legal Notice
  2. Analysis & Synthesis Summary
  3. Analysis & Synthesis Settings
  4. Parallel Compilation
  5. Analysis & Synthesis Source Files Read
  6. Analysis & Synthesis Resource Usage Summary
  7. Analysis & Synthesis Resource Utilization by Entity
  8. General Register Statistics
  9. Multiplexer Restructuring Statistics (Restructuring Performed)
 10. Parameter Settings for User Entity Instance: Top-level Entity: |ALU_module
 11. Parameter Settings for User Entity Instance: adderSubstractorModule:adderSubstractor
 12. Parameter Settings for User Entity Instance: shift_left_right:sl
 13. Parameter Settings for User Entity Instance: shift_left_right:sr
 14. Parameter Settings for User Entity Instance: multiplier:mult
 15. Parameter Settings for User Entity Instance: bin2bcd:bcd_inst
 16. Parameter Settings for Inferred Entity Instance: lpm_divide:Mod0
 17. Parameter Settings for Inferred Entity Instance: lpm_divide:Div0
 18. Port Connectivity Checks: "multiplier:mult|full_adder:full_adder9"
 19. Port Connectivity Checks: "multiplier:mult|full_adder:full_adder5"
 20. Port Connectivity Checks: "multiplier:mult|full_adder:full_adder4"
 21. Port Connectivity Checks: "multiplier:mult|full_adder:full_adder1"
 22. Port Connectivity Checks: "adderSubstractorModule:adderSubstractor|oneBitSubstractor:gen_loop[3].subtractor_inst"
 23. Port Connectivity Checks: "adderSubstractorModule:adderSubstractor|oneBitSubstractor:gen_loop[0].subtractor_inst"
 24. Port Connectivity Checks: "adderSubstractorModule:adderSubstractor|oneBitAdder:gen_loop[0].adder_inst"
 25. Port Connectivity Checks: "adderSubstractorModule:adderSubstractor"
 26. Post-Synthesis Netlist Statistics for Top Partition
 27. Elapsed Time Per Partition
 28. Analysis & Synthesis Messages
 29. Analysis & Synthesis Suppressed Messages



----------------
; Legal Notice ;
----------------
Copyright (C) 2024  Intel Corporation. All rights reserved.
Your use of Intel Corporation's design tools, logic functions 
and other software and tools, and any partner logic 
functions, and any output files from any of the foregoing 
(including device programming or simulation files), and any 
associated documentation or information are expressly subject 
to the terms and conditions of the Intel Program License 
Subscription Agreement, the Intel Quartus Prime License Agreement,
the Intel FPGA IP License Agreement, or other applicable license
agreement, including, without limitation, that your use is for
the sole purpose of programming logic devices manufactured by
Intel and sold by Intel or its authorized distributors.  Please
refer to the applicable agreement for further details, at
https://fpgasoftware.intel.com/eula.



+----------------------------------------------------------------------------------+
; Analysis & Synthesis Summary                                                     ;
+---------------------------------+------------------------------------------------+
; Analysis & Synthesis Status     ; Successful - Sun Aug 25 14:50:26 2024          ;
; Quartus Prime Version           ; 23.1std.1 Build 993 05/14/2024 SC Lite Edition ;
; Revision Name                   ; ALU                                            ;
; Top-level Entity Name           ; ALU_module                                     ;
; Family                          ; Cyclone V                                      ;
; Logic utilization (in ALMs)     ; N/A                                            ;
; Total registers                 ; 0                                              ;
; Total pins                      ; 34                                             ;
; Total virtual pins              ; 0                                              ;
; Total block memory bits         ; 0                                              ;
; Total DSP Blocks                ; 0                                              ;
; Total HSSI RX PCSs              ; 0                                              ;
; Total HSSI PMA RX Deserializers ; 0                                              ;
; Total HSSI TX PCSs              ; 0                                              ;
; Total HSSI PMA TX Serializers   ; 0                                              ;
; Total PLLs                      ; 0                                              ;
; Total DLLs                      ; 0                                              ;
+---------------------------------+------------------------------------------------+


+---------------------------------------------------------------------------------------------------------------------------+
; Analysis & Synthesis Settings                                                                                             ;
+---------------------------------------------------------------------------------+--------------------+--------------------+
; Option                                                                          ; Setting            ; Default Value      ;
+---------------------------------------------------------------------------------+--------------------+--------------------+
; Device                                                                          ; 5CSXFC6D6F31C6     ;                    ;
; Top-level entity name                                                           ; ALU_module         ; ALU                ;
; Family name                                                                     ; Cyclone V          ; Cyclone V          ;
; Use smart compilation                                                           ; Off                ; Off                ;
; Enable parallel Assembler and Timing Analyzer during compilation                ; On                 ; On                 ;
; Enable compact report table                                                     ; Off                ; Off                ;
; Restructure Multiplexers                                                        ; Auto               ; Auto               ;
; MLAB Add Timing Constraints For Mixed-Port Feed-Through Mode Setting Don't Care ; Off                ; Off                ;
; Create Debugging Nodes for IP Cores                                             ; Off                ; Off                ;
; Preserve fewer node names                                                       ; On                 ; On                 ;
; Intel FPGA IP Evaluation Mode                                                   ; Enable             ; Enable             ;
; Verilog Version                                                                 ; Verilog_2001       ; Verilog_2001       ;
; VHDL Version                                                                    ; VHDL_1993          ; VHDL_1993          ;
; State Machine Processing                                                        ; Auto               ; Auto               ;
; Safe State Machine                                                              ; Off                ; Off                ;
; Extract Verilog State Machines                                                  ; On                 ; On                 ;
; Extract VHDL State Machines                                                     ; On                 ; On                 ;
; Ignore Verilog initial constructs                                               ; Off                ; Off                ;
; Iteration limit for constant Verilog loops                                      ; 5000               ; 5000               ;
; Iteration limit for non-constant Verilog loops                                  ; 250                ; 250                ;
; Add Pass-Through Logic to Inferred RAMs                                         ; On                 ; On                 ;
; Infer RAMs from Raw Logic                                                       ; On                 ; On                 ;
; Parallel Synthesis                                                              ; On                 ; On                 ;
; DSP Block Balancing                                                             ; Auto               ; Auto               ;
; NOT Gate Push-Back                                                              ; On                 ; On                 ;
; Power-Up Don't Care                                                             ; On                 ; On                 ;
; Remove Redundant Logic Cells                                                    ; Off                ; Off                ;
; Remove Duplicate Registers                                                      ; On                 ; On                 ;
; Ignore CARRY Buffers                                                            ; Off                ; Off                ;
; Ignore CASCADE Buffers                                                          ; Off                ; Off                ;
; Ignore GLOBAL Buffers                                                           ; Off                ; Off                ;
; Ignore ROW GLOBAL Buffers                                                       ; Off                ; Off                ;
; Ignore LCELL Buffers                                                            ; Off                ; Off                ;
; Ignore SOFT Buffers                                                             ; On                 ; On                 ;
; Limit AHDL Integers to 32 Bits                                                  ; Off                ; Off                ;
; Optimization Technique                                                          ; Balanced           ; Balanced           ;
; Carry Chain Length                                                              ; 70                 ; 70                 ;
; Auto Carry Chains                                                               ; On                 ; On                 ;
; Auto Open-Drain Pins                                                            ; On                 ; On                 ;
; Perform WYSIWYG Primitive Resynthesis                                           ; Off                ; Off                ;
; Auto ROM Replacement                                                            ; On                 ; On                 ;
; Auto RAM Replacement                                                            ; On                 ; On                 ;
; Auto DSP Block Replacement                                                      ; On                 ; On                 ;
; Auto Shift Register Replacement                                                 ; Auto               ; Auto               ;
; Allow Shift Register Merging across Hierarchies                                 ; Auto               ; Auto               ;
; Auto Clock Enable Replacement                                                   ; On                 ; On                 ;
; Strict RAM Replacement                                                          ; Off                ; Off                ;
; Allow Synchronous Control Signals                                               ; On                 ; On                 ;
; Force Use of Synchronous Clear Signals                                          ; Off                ; Off                ;
; Auto Resource Sharing                                                           ; Off                ; Off                ;
; Allow Any RAM Size For Recognition                                              ; Off                ; Off                ;
; Allow Any ROM Size For Recognition                                              ; Off                ; Off                ;
; Allow Any Shift Register Size For Recognition                                   ; Off                ; Off                ;
; Use LogicLock Constraints during Resource Balancing                             ; On                 ; On                 ;
; Ignore translate_off and synthesis_off directives                               ; Off                ; Off                ;
; Timing-Driven Synthesis                                                         ; On                 ; On                 ;
; Report Parameter Settings                                                       ; On                 ; On                 ;
; Report Source Assignments                                                       ; On                 ; On                 ;
; Report Connectivity Checks                                                      ; On                 ; On                 ;
; Ignore Maximum Fan-Out Assignments                                              ; Off                ; Off                ;
; Synchronization Register Chain Length                                           ; 3                  ; 3                  ;
; Power Optimization During Synthesis                                             ; Normal compilation ; Normal compilation ;
; HDL message level                                                               ; Level2             ; Level2             ;
; Suppress Register Optimization Related Messages                                 ; Off                ; Off                ;
; Number of Removed Registers Reported in Synthesis Report                        ; 5000               ; 5000               ;
; Number of Swept Nodes Reported in Synthesis Report                              ; 5000               ; 5000               ;
; Number of Inverted Registers Reported in Synthesis Report                       ; 100                ; 100                ;
; Clock MUX Protection                                                            ; On                 ; On                 ;
; Auto Gated Clock Conversion                                                     ; Off                ; Off                ;
; Block Design Naming                                                             ; Auto               ; Auto               ;
; SDC constraint protection                                                       ; Off                ; Off                ;
; Synthesis Effort                                                                ; Auto               ; Auto               ;
; Shift Register Replacement - Allow Asynchronous Clear Signal                    ; On                 ; On                 ;
; Pre-Mapping Resynthesis Optimization                                            ; Off                ; Off                ;
; Analysis & Synthesis Message Level                                              ; Medium             ; Medium             ;
; Disable Register Merging Across Hierarchies                                     ; Auto               ; Auto               ;
; Resource Aware Inference For Block RAM                                          ; On                 ; On                 ;
; Automatic Parallel Synthesis                                                    ; On                 ; On                 ;
; Partial Reconfiguration Bitstream ID                                            ; Off                ; Off                ;
+---------------------------------------------------------------------------------+--------------------+--------------------+


+------------------------------------------+
; Parallel Compilation                     ;
+----------------------------+-------------+
; Processors                 ; Number      ;
+----------------------------+-------------+
; Number detected on machine ; 12          ;
; Maximum allowed            ; 6           ;
;                            ;             ;
; Average used               ; 1.00        ;
; Maximum used               ; 1           ;
;                            ;             ;
; Usage by Processor         ; % Time Used ;
;     Processor 1            ; 100.0%      ;
+----------------------------+-------------+


+----------------------------------------------------------------------------------------------------------------------------------------------------------------------------------------------------------------------------+
; Analysis & Synthesis Source Files Read                                                                                                                                                                                     ;
+----------------------------------+-----------------+------------------------------+------------------------------------------------------------------------------------------------------------------------------+---------+
; File Name with User-Entered Path ; Used in Netlist ; File Type                    ; File Name with Absolute Path                                                                                                 ; Library ;
+----------------------------------+-----------------+------------------------------+------------------------------------------------------------------------------------------------------------------------------+---------+
; ALU_module.sv                    ; yes             ; User SystemVerilog HDL File  ; C:/Users/seba2/Documents/GitHub/GGuzman_SHernandez_SChen_digital-design-lab-2024/laboratorio2/ALU/ALU_module.sv              ;         ;
; oneBitSubstractor.sv             ; yes             ; User SystemVerilog HDL File  ; C:/Users/seba2/Documents/GitHub/GGuzman_SHernandez_SChen_digital-design-lab-2024/laboratorio2/ALU/oneBitSubstractor.sv       ;         ;
; oneBitAdder.sv                   ; yes             ; User SystemVerilog HDL File  ; C:/Users/seba2/Documents/GitHub/GGuzman_SHernandez_SChen_digital-design-lab-2024/laboratorio2/ALU/oneBitAdder.sv             ;         ;
; adderSubstractorModule.sv        ; yes             ; User SystemVerilog HDL File  ; C:/Users/seba2/Documents/GitHub/GGuzman_SHernandez_SChen_digital-design-lab-2024/laboratorio2/ALU/adderSubstractorModule.sv  ;         ;
; shiftLeftRight.sv                ; yes             ; User SystemVerilog HDL File  ; C:/Users/seba2/Documents/GitHub/GGuzman_SHernandez_SChen_digital-design-lab-2024/laboratorio2/ALU/shiftLeftRight.sv          ;         ;
; multiplier.sv                    ; yes             ; User SystemVerilog HDL File  ; C:/Users/seba2/Documents/GitHub/GGuzman_SHernandez_SChen_digital-design-lab-2024/laboratorio2/ALU/multiplier.sv              ;         ;
; full_adder.sv                    ; yes             ; User SystemVerilog HDL File  ; C:/Users/seba2/Documents/GitHub/GGuzman_SHernandez_SChen_digital-design-lab-2024/laboratorio2/ALU/full_adder.sv              ;         ;
; Display7segmentos.sv             ; yes             ; User SystemVerilog HDL File  ; C:/Users/seba2/Documents/GitHub/GGuzman_SHernandez_SChen_digital-design-lab-2024/laboratorio2/ALU/Display7segmentos.sv       ;         ;
; lpm_divide.tdf                   ; yes             ; Megafunction                 ; c:/intelfpga_lite/23.1std/quartus/libraries/megafunctions/lpm_divide.tdf                                                     ;         ;
; abs_divider.inc                  ; yes             ; Megafunction                 ; c:/intelfpga_lite/23.1std/quartus/libraries/megafunctions/abs_divider.inc                                                    ;         ;
; sign_div_unsign.inc              ; yes             ; Megafunction                 ; c:/intelfpga_lite/23.1std/quartus/libraries/megafunctions/sign_div_unsign.inc                                                ;         ;
; aglobal231.inc                   ; yes             ; Megafunction                 ; c:/intelfpga_lite/23.1std/quartus/libraries/megafunctions/aglobal231.inc                                                     ;         ;
; db/lpm_divide_42m.tdf            ; yes             ; Auto-Generated Megafunction  ; C:/Users/seba2/Documents/GitHub/GGuzman_SHernandez_SChen_digital-design-lab-2024/laboratorio2/ALU/db/lpm_divide_42m.tdf      ;         ;
; db/sign_div_unsign_7kh.tdf       ; yes             ; Auto-Generated Megafunction  ; C:/Users/seba2/Documents/GitHub/GGuzman_SHernandez_SChen_digital-design-lab-2024/laboratorio2/ALU/db/sign_div_unsign_7kh.tdf ;         ;
; db/alt_u_div_kse.tdf             ; yes             ; Auto-Generated Megafunction  ; C:/Users/seba2/Documents/GitHub/GGuzman_SHernandez_SChen_digital-design-lab-2024/laboratorio2/ALU/db/alt_u_div_kse.tdf       ;         ;
; db/lpm_divide_1am.tdf            ; yes             ; Auto-Generated Megafunction  ; C:/Users/seba2/Documents/GitHub/GGuzman_SHernandez_SChen_digital-design-lab-2024/laboratorio2/ALU/db/lpm_divide_1am.tdf      ;         ;
+----------------------------------+-----------------+------------------------------+------------------------------------------------------------------------------------------------------------------------------+---------+


+----------------------------------------------------------+
; Analysis & Synthesis Resource Usage Summary              ;
+---------------------------------------------+------------+
; Resource                                    ; Usage      ;
+---------------------------------------------+------------+
; Estimate of Logic utilization (ALMs needed) ; 58         ;
;                                             ;            ;
; Combinational ALUT usage for logic          ; 102        ;
;     -- 7 input functions                    ; 2          ;
;     -- 6 input functions                    ; 11         ;
;     -- 5 input functions                    ; 28         ;
;     -- 4 input functions                    ; 25         ;
;     -- <=3 input functions                  ; 36         ;
;                                             ;            ;
; Dedicated logic registers                   ; 0          ;
;                                             ;            ;
; I/O pins                                    ; 34         ;
;                                             ;            ;
; Total DSP Blocks                            ; 0          ;
;                                             ;            ;
; Maximum fan-out node                        ; B[3]~input ;
; Maximum fan-out                             ; 27         ;
; Total fan-out                               ; 457        ;
; Average fan-out                             ; 2.69       ;
+---------------------------------------------+------------+


+----------------------------------------------------------------------------------------------------------------------------------------------------------------------------------------------------------------------------------------------------------------------------------------------------------------------+
; Analysis & Synthesis Resource Utilization by Entity                                                                                                                                                                                                                                                                  ;
+-------------------------------------------------------+---------------------+---------------------------+-------------------+------------+------+--------------+-------------------------------------------------------------------------------------------------------------+------------------------+--------------+
; Compilation Hierarchy Node                            ; Combinational ALUTs ; Dedicated Logic Registers ; Block Memory Bits ; DSP Blocks ; Pins ; Virtual Pins ; Full Hierarchy Name                                                                                         ; Entity Name            ; Library Name ;
+-------------------------------------------------------+---------------------+---------------------------+-------------------+------------+------+--------------+-------------------------------------------------------------------------------------------------------------+------------------------+--------------+
; |ALU_module                                           ; 102 (33)            ; 0 (0)                     ; 0                 ; 0          ; 34   ; 0            ; |ALU_module                                                                                                 ; ALU_module             ; work         ;
;    |adderSubstractorModule:adderSubstractor|          ; 3 (0)               ; 0 (0)                     ; 0                 ; 0          ; 0    ; 0            ; |ALU_module|adderSubstractorModule:adderSubstractor                                                         ; adderSubstractorModule ; work         ;
;       |oneBitAdder:gen_loop[2].adder_inst|            ; 2 (2)               ; 0 (0)                     ; 0                 ; 0          ; 0    ; 0            ; |ALU_module|adderSubstractorModule:adderSubstractor|oneBitAdder:gen_loop[2].adder_inst                      ; oneBitAdder            ; work         ;
;       |oneBitSubstractor:gen_loop[1].subtractor_inst| ; 1 (1)               ; 0 (0)                     ; 0                 ; 0          ; 0    ; 0            ; |ALU_module|adderSubstractorModule:adderSubstractor|oneBitSubstractor:gen_loop[1].subtractor_inst           ; oneBitSubstractor      ; work         ;
;    |bcd_to_7seg:seg1_inst|                            ; 7 (7)               ; 0 (0)                     ; 0                 ; 0          ; 0    ; 0            ; |ALU_module|bcd_to_7seg:seg1_inst                                                                           ; bcd_to_7seg            ; work         ;
;    |bin2bcd:bcd_inst|                                 ; 1 (1)               ; 0 (0)                     ; 0                 ; 0          ; 0    ; 0            ; |ALU_module|bin2bcd:bcd_inst                                                                                ; bin2bcd                ; work         ;
;    |lpm_divide:Div0|                                  ; 22 (0)              ; 0 (0)                     ; 0                 ; 0          ; 0    ; 0            ; |ALU_module|lpm_divide:Div0                                                                                 ; lpm_divide             ; work         ;
;       |lpm_divide_1am:auto_generated|                 ; 22 (0)              ; 0 (0)                     ; 0                 ; 0          ; 0    ; 0            ; |ALU_module|lpm_divide:Div0|lpm_divide_1am:auto_generated                                                   ; lpm_divide_1am         ; work         ;
;          |sign_div_unsign_7kh:divider|                ; 22 (0)              ; 0 (0)                     ; 0                 ; 0          ; 0    ; 0            ; |ALU_module|lpm_divide:Div0|lpm_divide_1am:auto_generated|sign_div_unsign_7kh:divider                       ; sign_div_unsign_7kh    ; work         ;
;             |alt_u_div_kse:divider|                   ; 22 (22)             ; 0 (0)                     ; 0                 ; 0          ; 0    ; 0            ; |ALU_module|lpm_divide:Div0|lpm_divide_1am:auto_generated|sign_div_unsign_7kh:divider|alt_u_div_kse:divider ; alt_u_div_kse          ; work         ;
;    |lpm_divide:Mod0|                                  ; 24 (0)              ; 0 (0)                     ; 0                 ; 0          ; 0    ; 0            ; |ALU_module|lpm_divide:Mod0                                                                                 ; lpm_divide             ; work         ;
;       |lpm_divide_42m:auto_generated|                 ; 24 (0)              ; 0 (0)                     ; 0                 ; 0          ; 0    ; 0            ; |ALU_module|lpm_divide:Mod0|lpm_divide_42m:auto_generated                                                   ; lpm_divide_42m         ; work         ;
;          |sign_div_unsign_7kh:divider|                ; 24 (0)              ; 0 (0)                     ; 0                 ; 0          ; 0    ; 0            ; |ALU_module|lpm_divide:Mod0|lpm_divide_42m:auto_generated|sign_div_unsign_7kh:divider                       ; sign_div_unsign_7kh    ; work         ;
;             |alt_u_div_kse:divider|                   ; 24 (24)             ; 0 (0)                     ; 0                 ; 0          ; 0    ; 0            ; |ALU_module|lpm_divide:Mod0|lpm_divide_42m:auto_generated|sign_div_unsign_7kh:divider|alt_u_div_kse:divider ; alt_u_div_kse          ; work         ;
;    |multiplier:mult|                                  ; 12 (3)              ; 0 (0)                     ; 0                 ; 0          ; 0    ; 0            ; |ALU_module|multiplier:mult                                                                                 ; multiplier             ; work         ;
;       |full_adder:full_adder2|                        ; 2 (2)               ; 0 (0)                     ; 0                 ; 0          ; 0    ; 0            ; |ALU_module|multiplier:mult|full_adder:full_adder2                                                          ; full_adder             ; work         ;
;       |full_adder:full_adder3|                        ; 1 (1)               ; 0 (0)                     ; 0                 ; 0          ; 0    ; 0            ; |ALU_module|multiplier:mult|full_adder:full_adder3                                                          ; full_adder             ; work         ;
;       |full_adder:full_adder4|                        ; 1 (1)               ; 0 (0)                     ; 0                 ; 0          ; 0    ; 0            ; |ALU_module|multiplier:mult|full_adder:full_adder4                                                          ; full_adder             ; work         ;
;       |full_adder:full_adder6|                        ; 2 (2)               ; 0 (0)                     ; 0                 ; 0          ; 0    ; 0            ; |ALU_module|multiplier:mult|full_adder:full_adder6                                                          ; full_adder             ; work         ;
;       |full_adder:full_adder8|                        ; 2 (2)               ; 0 (0)                     ; 0                 ; 0          ; 0    ; 0            ; |ALU_module|multiplier:mult|full_adder:full_adder8                                                          ; full_adder             ; work         ;
;       |full_adder:full_adder9|                        ; 1 (1)               ; 0 (0)                     ; 0                 ; 0          ; 0    ; 0            ; |ALU_module|multiplier:mult|full_adder:full_adder9                                                          ; full_adder             ; work         ;
+-------------------------------------------------------+---------------------+---------------------------+-------------------+------------+------+--------------+-------------------------------------------------------------------------------------------------------------+------------------------+--------------+
Note: For table entries with two numbers listed, the numbers in parentheses indicate the number of resources of the given type used by the specific entity alone. The numbers listed outside of parentheses indicate the total resources of the given type used by the specific entity and all of its sub-entities in the hierarchy.


+------------------------------------------------------+
; General Register Statistics                          ;
+----------------------------------------------+-------+
; Statistic                                    ; Value ;
+----------------------------------------------+-------+
; Total registers                              ; 0     ;
; Number of registers using Synchronous Clear  ; 0     ;
; Number of registers using Synchronous Load   ; 0     ;
; Number of registers using Asynchronous Clear ; 0     ;
; Number of registers using Asynchronous Load  ; 0     ;
; Number of registers using Clock Enable       ; 0     ;
; Number of registers using Preset             ; 0     ;
+----------------------------------------------+-------+


+------------------------------------------------------------------------------------------------------------------------------------------+
; Multiplexer Restructuring Statistics (Restructuring Performed)                                                                           ;
+--------------------+-----------+---------------+----------------------+------------------------+------------+----------------------------+
; Multiplexer Inputs ; Bus Width ; Baseline Area ; Area if Restructured ; Saving if Restructured ; Registered ; Example Multiplexer Output ;
+--------------------+-----------+---------------+----------------------+------------------------+------------+----------------------------+
; 14:1               ; 2 bits    ; 18 LEs        ; 16 LEs               ; 2 LEs                  ; No         ; |ALU_module|Mux2           ;
+--------------------+-----------+---------------+----------------------+------------------------+------------+----------------------------+


+----------------------------------------------------------------------------+
; Parameter Settings for User Entity Instance: Top-level Entity: |ALU_module ;
+----------------+-------+---------------------------------------------------+
; Parameter Name ; Value ; Type                                              ;
+----------------+-------+---------------------------------------------------+
; Nbit           ; 4     ; Signed Integer                                    ;
+----------------+-------+---------------------------------------------------+
Note: In order to hide this table in the UI and the text report file, please set the "Show Parameter Settings in Synthesis Report" option in "Analysis and Synthesis Settings -> More Settings" to "Off".


+--------------------------------------------------------------------------------------+
; Parameter Settings for User Entity Instance: adderSubstractorModule:adderSubstractor ;
+----------------+-------+-------------------------------------------------------------+
; Parameter Name ; Value ; Type                                                        ;
+----------------+-------+-------------------------------------------------------------+
; N              ; 4     ; Signed Integer                                              ;
+----------------+-------+-------------------------------------------------------------+
Note: In order to hide this table in the UI and the text report file, please set the "Show Parameter Settings in Synthesis Report" option in "Analysis and Synthesis Settings -> More Settings" to "Off".


+------------------------------------------------------------------+
; Parameter Settings for User Entity Instance: shift_left_right:sl ;
+----------------+-------+-----------------------------------------+
; Parameter Name ; Value ; Type                                    ;
+----------------+-------+-----------------------------------------+
; N              ; 4     ; Signed Integer                          ;
; Direction      ; 1     ; Unsigned Binary                         ;
+----------------+-------+-----------------------------------------+
Note: In order to hide this table in the UI and the text report file, please set the "Show Parameter Settings in Synthesis Report" option in "Analysis and Synthesis Settings -> More Settings" to "Off".


+------------------------------------------------------------------+
; Parameter Settings for User Entity Instance: shift_left_right:sr ;
+----------------+-------+-----------------------------------------+
; Parameter Name ; Value ; Type                                    ;
+----------------+-------+-----------------------------------------+
; N              ; 4     ; Signed Integer                          ;
; Direction      ; 0     ; Unsigned Binary                         ;
+----------------+-------+-----------------------------------------+
Note: In order to hide this table in the UI and the text report file, please set the "Show Parameter Settings in Synthesis Report" option in "Analysis and Synthesis Settings -> More Settings" to "Off".


+--------------------------------------------------------------+
; Parameter Settings for User Entity Instance: multiplier:mult ;
+----------------+-------+-------------------------------------+
; Parameter Name ; Value ; Type                                ;
+----------------+-------+-------------------------------------+
; N              ; 4     ; Signed Integer                      ;
+----------------+-------+-------------------------------------+
Note: In order to hide this table in the UI and the text report file, please set the "Show Parameter Settings in Synthesis Report" option in "Analysis and Synthesis Settings -> More Settings" to "Off".


+---------------------------------------------------------------+
; Parameter Settings for User Entity Instance: bin2bcd:bcd_inst ;
+----------------+-------+--------------------------------------+
; Parameter Name ; Value ; Type                                 ;
+----------------+-------+--------------------------------------+
; N              ; 4     ; Signed Integer                       ;
+----------------+-------+--------------------------------------+
Note: In order to hide this table in the UI and the text report file, please set the "Show Parameter Settings in Synthesis Report" option in "Analysis and Synthesis Settings -> More Settings" to "Off".


+------------------------------------------------------------------+
; Parameter Settings for Inferred Entity Instance: lpm_divide:Mod0 ;
+------------------------+----------------+------------------------+
; Parameter Name         ; Value          ; Type                   ;
+------------------------+----------------+------------------------+
; LPM_WIDTHN             ; 4              ; Untyped                ;
; LPM_WIDTHD             ; 4              ; Untyped                ;
; LPM_NREPRESENTATION    ; UNSIGNED       ; Untyped                ;
; LPM_DREPRESENTATION    ; UNSIGNED       ; Untyped                ;
; LPM_PIPELINE           ; 0              ; Untyped                ;
; LPM_REMAINDERPOSITIVE  ; TRUE           ; Untyped                ;
; MAXIMIZE_SPEED         ; 5              ; Untyped                ;
; CBXI_PARAMETER         ; lpm_divide_42m ; Untyped                ;
; CARRY_CHAIN            ; MANUAL         ; Untyped                ;
; OPTIMIZE_FOR_SPEED     ; 5              ; Untyped                ;
; AUTO_CARRY_CHAINS      ; ON             ; AUTO_CARRY             ;
; IGNORE_CARRY_BUFFERS   ; OFF            ; IGNORE_CARRY           ;
; AUTO_CASCADE_CHAINS    ; ON             ; AUTO_CASCADE           ;
; IGNORE_CASCADE_BUFFERS ; OFF            ; IGNORE_CASCADE         ;
+------------------------+----------------+------------------------+
Note: In order to hide this table in the UI and the text report file, please set the "Show Parameter Settings in Synthesis Report" option in "Analysis and Synthesis Settings -> More Settings" to "Off".


+------------------------------------------------------------------+
; Parameter Settings for Inferred Entity Instance: lpm_divide:Div0 ;
+------------------------+----------------+------------------------+
; Parameter Name         ; Value          ; Type                   ;
+------------------------+----------------+------------------------+
; LPM_WIDTHN             ; 4              ; Untyped                ;
; LPM_WIDTHD             ; 4              ; Untyped                ;
; LPM_NREPRESENTATION    ; UNSIGNED       ; Untyped                ;
; LPM_DREPRESENTATION    ; UNSIGNED       ; Untyped                ;
; LPM_PIPELINE           ; 0              ; Untyped                ;
; LPM_REMAINDERPOSITIVE  ; TRUE           ; Untyped                ;
; MAXIMIZE_SPEED         ; 5              ; Untyped                ;
; CBXI_PARAMETER         ; lpm_divide_1am ; Untyped                ;
; CARRY_CHAIN            ; MANUAL         ; Untyped                ;
; OPTIMIZE_FOR_SPEED     ; 5              ; Untyped                ;
; AUTO_CARRY_CHAINS      ; ON             ; AUTO_CARRY             ;
; IGNORE_CARRY_BUFFERS   ; OFF            ; IGNORE_CARRY           ;
; AUTO_CASCADE_CHAINS    ; ON             ; AUTO_CASCADE           ;
; IGNORE_CASCADE_BUFFERS ; OFF            ; IGNORE_CASCADE         ;
+------------------------+----------------+------------------------+
Note: In order to hide this table in the UI and the text report file, please set the "Show Parameter Settings in Synthesis Report" option in "Analysis and Synthesis Settings -> More Settings" to "Off".


+-----------------------------------------------------------------------------------------------------------------------------------------------------------------------------------------------------------------+
; Port Connectivity Checks: "multiplier:mult|full_adder:full_adder9"                                                                                                                                              ;
+---------+-------+----------+------------------------------------------------------------------------------------------------------------------------------------------------------------------------------------+
; Port    ; Type  ; Severity ; Details                                                                                                                                                                            ;
+---------+-------+----------+------------------------------------------------------------------------------------------------------------------------------------------------------------------------------------+
; cin     ; Input ; Warning  ; Input port expression (32 bits) is wider than the input port (1 bits) it drives.  The 31 most-significant bit(s) in the expression will be dangling if they have no other fanouts. ;
; cin[-1] ; Input ; Info     ; Stuck at GND                                                                                                                                                                       ;
+---------+-------+----------+------------------------------------------------------------------------------------------------------------------------------------------------------------------------------------+


+-----------------------------------------------------------------------------------------------------------------------------------------------------------------------------------------------------------------+
; Port Connectivity Checks: "multiplier:mult|full_adder:full_adder5"                                                                                                                                              ;
+---------+-------+----------+------------------------------------------------------------------------------------------------------------------------------------------------------------------------------------+
; Port    ; Type  ; Severity ; Details                                                                                                                                                                            ;
+---------+-------+----------+------------------------------------------------------------------------------------------------------------------------------------------------------------------------------------+
; cin     ; Input ; Warning  ; Input port expression (32 bits) is wider than the input port (1 bits) it drives.  The 31 most-significant bit(s) in the expression will be dangling if they have no other fanouts. ;
; cin[-1] ; Input ; Info     ; Stuck at GND                                                                                                                                                                       ;
+---------+-------+----------+------------------------------------------------------------------------------------------------------------------------------------------------------------------------------------+


+---------------------------------------------------------------------------------------------------------------------------------------------------------------------------------------------------------------+
; Port Connectivity Checks: "multiplier:mult|full_adder:full_adder4"                                                                                                                                            ;
+-------+-------+----------+------------------------------------------------------------------------------------------------------------------------------------------------------------------------------------+
; Port  ; Type  ; Severity ; Details                                                                                                                                                                            ;
+-------+-------+----------+------------------------------------------------------------------------------------------------------------------------------------------------------------------------------------+
; a     ; Input ; Warning  ; Input port expression (32 bits) is wider than the input port (1 bits) it drives.  The 31 most-significant bit(s) in the expression will be dangling if they have no other fanouts. ;
; a[-1] ; Input ; Info     ; Stuck at GND                                                                                                                                                                       ;
+-------+-------+----------+------------------------------------------------------------------------------------------------------------------------------------------------------------------------------------+


+-----------------------------------------------------------------------------------------------------------------------------------------------------------------------------------------------------------------+
; Port Connectivity Checks: "multiplier:mult|full_adder:full_adder1"                                                                                                                                              ;
+---------+-------+----------+------------------------------------------------------------------------------------------------------------------------------------------------------------------------------------+
; Port    ; Type  ; Severity ; Details                                                                                                                                                                            ;
+---------+-------+----------+------------------------------------------------------------------------------------------------------------------------------------------------------------------------------------+
; cin     ; Input ; Warning  ; Input port expression (32 bits) is wider than the input port (1 bits) it drives.  The 31 most-significant bit(s) in the expression will be dangling if they have no other fanouts. ;
; cin[-1] ; Input ; Info     ; Stuck at GND                                                                                                                                                                       ;
+---------+-------+----------+------------------------------------------------------------------------------------------------------------------------------------------------------------------------------------+


+-------------------------------------------------------------------------------------------------------------------+
; Port Connectivity Checks: "adderSubstractorModule:adderSubstractor|oneBitSubstractor:gen_loop[3].subtractor_inst" ;
+------+--------+----------+----------------------------------------------------------------------------------------+
; Port ; Type   ; Severity ; Details                                                                                ;
+------+--------+----------+----------------------------------------------------------------------------------------+
; Bout ; Output ; Info     ; Connected to dangling logic. Logic that only feeds a dangling port will be removed.    ;
+------+--------+----------+----------------------------------------------------------------------------------------+


+-------------------------------------------------------------------------------------------------------------------+
; Port Connectivity Checks: "adderSubstractorModule:adderSubstractor|oneBitSubstractor:gen_loop[0].subtractor_inst" ;
+------+-------+----------+-----------------------------------------------------------------------------------------+
; Port ; Type  ; Severity ; Details                                                                                 ;
+------+-------+----------+-----------------------------------------------------------------------------------------+
; Bin  ; Input ; Info     ; Stuck at GND                                                                            ;
+------+-------+----------+-----------------------------------------------------------------------------------------+


+--------------------------------------------------------------------------------------------------------+
; Port Connectivity Checks: "adderSubstractorModule:adderSubstractor|oneBitAdder:gen_loop[0].adder_inst" ;
+------+-------+----------+------------------------------------------------------------------------------+
; Port ; Type  ; Severity ; Details                                                                      ;
+------+-------+----------+------------------------------------------------------------------------------+
; Cin  ; Input ; Info     ; Stuck at GND                                                                 ;
+------+-------+----------+------------------------------------------------------------------------------+


+------------------------------------------------------------------------------------------------------------------------------------------------------------------------------------------------------------------+
; Port Connectivity Checks: "adderSubstractorModule:adderSubstractor"                                                                                                                                              ;
+---------+--------+----------+------------------------------------------------------------------------------------------------------------------------------------------------------------------------------------+
; Port    ; Type   ; Severity ; Details                                                                                                                                                                            ;
+---------+--------+----------+------------------------------------------------------------------------------------------------------------------------------------------------------------------------------------+
; Cin     ; Input  ; Warning  ; Input port expression (32 bits) is wider than the input port (1 bits) it drives.  The 31 most-significant bit(s) in the expression will be dangling if they have no other fanouts. ;
; Cin[-1] ; Input  ; Info     ; Stuck at GND                                                                                                                                                                       ;
; Bin     ; Input  ; Warning  ; Input port expression (32 bits) is wider than the input port (1 bits) it drives.  The 31 most-significant bit(s) in the expression will be dangling if they have no other fanouts. ;
; Bin[-1] ; Input  ; Info     ; Stuck at GND                                                                                                                                                                       ;
; Bout    ; Output ; Info     ; Connected to dangling logic. Logic that only feeds a dangling port will be removed.                                                                                                ;
+---------+--------+----------+------------------------------------------------------------------------------------------------------------------------------------------------------------------------------------+


+-----------------------------------------------------+
; Post-Synthesis Netlist Statistics for Top Partition ;
+-----------------------+-----------------------------+
; Type                  ; Count                       ;
+-----------------------+-----------------------------+
; arriav_lcell_comb     ; 105                         ;
;     arith             ; 12                          ;
;         0 data inputs ; 4                           ;
;         2 data inputs ; 2                           ;
;         5 data inputs ; 6                           ;
;     extend            ; 2                           ;
;         7 data inputs ; 2                           ;
;     normal            ; 73                          ;
;         0 data inputs ; 2                           ;
;         1 data inputs ; 1                           ;
;         2 data inputs ; 8                           ;
;         3 data inputs ; 10                          ;
;         4 data inputs ; 19                          ;
;         5 data inputs ; 22                          ;
;         6 data inputs ; 11                          ;
;     shared            ; 18                          ;
;         0 data inputs ; 6                           ;
;         2 data inputs ; 6                           ;
;         4 data inputs ; 6                           ;
; boundary_port         ; 34                          ;
;                       ;                             ;
; Max LUT depth         ; 11.50                       ;
; Average LUT depth     ; 8.93                        ;
+-----------------------+-----------------------------+


+-------------------------------+
; Elapsed Time Per Partition    ;
+----------------+--------------+
; Partition Name ; Elapsed Time ;
+----------------+--------------+
; Top            ; 00:00:00     ;
+----------------+--------------+


+-------------------------------+
; Analysis & Synthesis Messages ;
+-------------------------------+
Info: *******************************************************************
Info: Running Quartus Prime Analysis & Synthesis
    Info: Version 23.1std.1 Build 993 05/14/2024 SC Lite Edition
    Info: Processing started: Sun Aug 25 14:50:18 2024
Info: Command: quartus_map --read_settings_files=on --write_settings_files=off ALU -c ALU
Warning (18236): Number of processors has not been specified which may cause overloading on shared machines.  Set the global assignment NUM_PARALLEL_PROCESSORS in your QSF to an appropriate value for best performance.
Info (20030): Parallel compilation is enabled and will use 6 of the 6 processors detected
Info (12021): Found 1 design units, including 1 entities, in source file alu_module.sv
    Info (12023): Found entity 1: ALU_module File: C:/Users/seba2/Documents/GitHub/GGuzman_SHernandez_SChen_digital-design-lab-2024/laboratorio2/ALU/ALU_module.sv Line: 1
Info (12021): Found 1 design units, including 1 entities, in source file alu_testbench.sv
    Info (12023): Found entity 1: ALU_Testbench File: C:/Users/seba2/Documents/GitHub/GGuzman_SHernandez_SChen_digital-design-lab-2024/laboratorio2/ALU/ALU_Testbench.sv Line: 3
Info (12021): Found 1 design units, including 1 entities, in source file onebitsubstractor.sv
    Info (12023): Found entity 1: oneBitSubstractor File: C:/Users/seba2/Documents/GitHub/GGuzman_SHernandez_SChen_digital-design-lab-2024/laboratorio2/ALU/oneBitSubstractor.sv Line: 1
Info (12021): Found 1 design units, including 1 entities, in source file onebitadder.sv
    Info (12023): Found entity 1: oneBitAdder File: C:/Users/seba2/Documents/GitHub/GGuzman_SHernandez_SChen_digital-design-lab-2024/laboratorio2/ALU/oneBitAdder.sv Line: 1
Info (12021): Found 1 design units, including 1 entities, in source file addersubstractormodule.sv
    Info (12023): Found entity 1: adderSubstractorModule File: C:/Users/seba2/Documents/GitHub/GGuzman_SHernandez_SChen_digital-design-lab-2024/laboratorio2/ALU/adderSubstractorModule.sv Line: 1
Info (12021): Found 1 design units, including 1 entities, in source file shiftleftright.sv
    Info (12023): Found entity 1: shift_left_right File: C:/Users/seba2/Documents/GitHub/GGuzman_SHernandez_SChen_digital-design-lab-2024/laboratorio2/ALU/shiftLeftRight.sv Line: 1
Info (12021): Found 2 design units, including 2 entities, in source file multiplier.sv
    Info (12023): Found entity 1: multiplier File: C:/Users/seba2/Documents/GitHub/GGuzman_SHernandez_SChen_digital-design-lab-2024/laboratorio2/ALU/multiplier.sv Line: 2
    Info (12023): Found entity 2: bin2bcd File: C:/Users/seba2/Documents/GitHub/GGuzman_SHernandez_SChen_digital-design-lab-2024/laboratorio2/ALU/multiplier.sv Line: 37
Info (12021): Found 1 design units, including 1 entities, in source file multiplier_display.sv
    Info (12023): Found entity 1: multiplier_display File: C:/Users/seba2/Documents/GitHub/GGuzman_SHernandez_SChen_digital-design-lab-2024/laboratorio2/ALU/multiplier_display.sv Line: 2
Info (12021): Found 1 design units, including 1 entities, in source file full_adder.sv
    Info (12023): Found entity 1: full_adder File: C:/Users/seba2/Documents/GitHub/GGuzman_SHernandez_SChen_digital-design-lab-2024/laboratorio2/ALU/full_adder.sv Line: 2
Info (12021): Found 1 design units, including 1 entities, in source file display7segmentos.sv
    Info (12023): Found entity 1: bcd_to_7seg File: C:/Users/seba2/Documents/GitHub/GGuzman_SHernandez_SChen_digital-design-lab-2024/laboratorio2/ALU/Display7segmentos.sv Line: 2
Info (12021): Found 1 design units, including 1 entities, in source file multiplier_display_tb.sv
    Info (12023): Found entity 1: multiplier_display_tb File: C:/Users/seba2/Documents/GitHub/GGuzman_SHernandez_SChen_digital-design-lab-2024/laboratorio2/ALU/multiplier_display_tb.sv Line: 1
Info (12021): Found 1 design units, including 1 entities, in source file addersubstractormodule_tb.sv
    Info (12023): Found entity 1: adderSubstractorModule_tb File: C:/Users/seba2/Documents/GitHub/GGuzman_SHernandez_SChen_digital-design-lab-2024/laboratorio2/ALU/adderSubstractorModule_tb.sv Line: 3
Info (12127): Elaborating entity "ALU_module" for the top level hierarchy
Warning (10230): Verilog HDL assignment warning at ALU_module.sv(82): truncated value with size 32 to match size of target (1) File: C:/Users/seba2/Documents/GitHub/GGuzman_SHernandez_SChen_digital-design-lab-2024/laboratorio2/ALU/ALU_module.sv Line: 82
Warning (10230): Verilog HDL assignment warning at ALU_module.sv(83): truncated value with size 32 to match size of target (1) File: C:/Users/seba2/Documents/GitHub/GGuzman_SHernandez_SChen_digital-design-lab-2024/laboratorio2/ALU/ALU_module.sv Line: 83
Info (12128): Elaborating entity "adderSubstractorModule" for hierarchy "adderSubstractorModule:adderSubstractor" File: C:/Users/seba2/Documents/GitHub/GGuzman_SHernandez_SChen_digital-design-lab-2024/laboratorio2/ALU/ALU_module.sv Line: 35
Warning (10034): Output port "Bout" at adderSubstractorModule.sv(11) has no driver File: C:/Users/seba2/Documents/GitHub/GGuzman_SHernandez_SChen_digital-design-lab-2024/laboratorio2/ALU/adderSubstractorModule.sv Line: 11
Info (12128): Elaborating entity "oneBitAdder" for hierarchy "adderSubstractorModule:adderSubstractor|oneBitAdder:gen_loop[0].adder_inst" File: C:/Users/seba2/Documents/GitHub/GGuzman_SHernandez_SChen_digital-design-lab-2024/laboratorio2/ALU/adderSubstractorModule.sv Line: 27
Info (12128): Elaborating entity "oneBitSubstractor" for hierarchy "adderSubstractorModule:adderSubstractor|oneBitSubstractor:gen_loop[0].subtractor_inst" File: C:/Users/seba2/Documents/GitHub/GGuzman_SHernandez_SChen_digital-design-lab-2024/laboratorio2/ALU/adderSubstractorModule.sv Line: 35
Info (12128): Elaborating entity "shift_left_right" for hierarchy "shift_left_right:sl" File: C:/Users/seba2/Documents/GitHub/GGuzman_SHernandez_SChen_digital-design-lab-2024/laboratorio2/ALU/ALU_module.sv Line: 41
Info (12128): Elaborating entity "shift_left_right" for hierarchy "shift_left_right:sr" File: C:/Users/seba2/Documents/GitHub/GGuzman_SHernandez_SChen_digital-design-lab-2024/laboratorio2/ALU/ALU_module.sv Line: 47
Info (12128): Elaborating entity "multiplier" for hierarchy "multiplier:mult" File: C:/Users/seba2/Documents/GitHub/GGuzman_SHernandez_SChen_digital-design-lab-2024/laboratorio2/ALU/ALU_module.sv Line: 54
Info (12128): Elaborating entity "full_adder" for hierarchy "multiplier:mult|full_adder:full_adder1" File: C:/Users/seba2/Documents/GitHub/GGuzman_SHernandez_SChen_digital-design-lab-2024/laboratorio2/ALU/multiplier.sv Line: 15
Info (12128): Elaborating entity "bin2bcd" for hierarchy "bin2bcd:bcd_inst" File: C:/Users/seba2/Documents/GitHub/GGuzman_SHernandez_SChen_digital-design-lab-2024/laboratorio2/ALU/ALU_module.sv Line: 90
Warning (10230): Verilog HDL assignment warning at multiplier.sv(49): truncated value with size 32 to match size of target (4) File: C:/Users/seba2/Documents/GitHub/GGuzman_SHernandez_SChen_digital-design-lab-2024/laboratorio2/ALU/multiplier.sv Line: 49
Info (12128): Elaborating entity "bcd_to_7seg" for hierarchy "bcd_to_7seg:seg1_inst" File: C:/Users/seba2/Documents/GitHub/GGuzman_SHernandez_SChen_digital-design-lab-2024/laboratorio2/ALU/ALU_module.sv Line: 96
Info (278001): Inferred 2 megafunctions from design logic
    Info (278004): Inferred divider/modulo megafunction ("lpm_divide") from the following logic: "Mod0" File: C:/Users/seba2/Documents/GitHub/GGuzman_SHernandez_SChen_digital-design-lab-2024/laboratorio2/ALU/ALU_module.sv Line: 69
    Info (278004): Inferred divider/modulo megafunction ("lpm_divide") from the following logic: "Div0" File: C:/Users/seba2/Documents/GitHub/GGuzman_SHernandez_SChen_digital-design-lab-2024/laboratorio2/ALU/ALU_module.sv Line: 64
Info (12130): Elaborated megafunction instantiation "lpm_divide:Mod0" File: C:/Users/seba2/Documents/GitHub/GGuzman_SHernandez_SChen_digital-design-lab-2024/laboratorio2/ALU/ALU_module.sv Line: 69
Info (12133): Instantiated megafunction "lpm_divide:Mod0" with the following parameter: File: C:/Users/seba2/Documents/GitHub/GGuzman_SHernandez_SChen_digital-design-lab-2024/laboratorio2/ALU/ALU_module.sv Line: 69
    Info (12134): Parameter "LPM_WIDTHN" = "4"
    Info (12134): Parameter "LPM_WIDTHD" = "4"
    Info (12134): Parameter "LPM_NREPRESENTATION" = "UNSIGNED"
    Info (12134): Parameter "LPM_DREPRESENTATION" = "UNSIGNED"
Info (12021): Found 1 design units, including 1 entities, in source file db/lpm_divide_42m.tdf
    Info (12023): Found entity 1: lpm_divide_42m File: C:/Users/seba2/Documents/GitHub/GGuzman_SHernandez_SChen_digital-design-lab-2024/laboratorio2/ALU/db/lpm_divide_42m.tdf Line: 25
Info (12021): Found 1 design units, including 1 entities, in source file db/sign_div_unsign_7kh.tdf
    Info (12023): Found entity 1: sign_div_unsign_7kh File: C:/Users/seba2/Documents/GitHub/GGuzman_SHernandez_SChen_digital-design-lab-2024/laboratorio2/ALU/db/sign_div_unsign_7kh.tdf Line: 25
Info (12021): Found 1 design units, including 1 entities, in source file db/alt_u_div_kse.tdf
    Info (12023): Found entity 1: alt_u_div_kse File: C:/Users/seba2/Documents/GitHub/GGuzman_SHernandez_SChen_digital-design-lab-2024/laboratorio2/ALU/db/alt_u_div_kse.tdf Line: 23
Info (12130): Elaborated megafunction instantiation "lpm_divide:Div0" File: C:/Users/seba2/Documents/GitHub/GGuzman_SHernandez_SChen_digital-design-lab-2024/laboratorio2/ALU/ALU_module.sv Line: 64
Info (12133): Instantiated megafunction "lpm_divide:Div0" with the following parameter: File: C:/Users/seba2/Documents/GitHub/GGuzman_SHernandez_SChen_digital-design-lab-2024/laboratorio2/ALU/ALU_module.sv Line: 64
    Info (12134): Parameter "LPM_WIDTHN" = "4"
    Info (12134): Parameter "LPM_WIDTHD" = "4"
    Info (12134): Parameter "LPM_NREPRESENTATION" = "UNSIGNED"
    Info (12134): Parameter "LPM_DREPRESENTATION" = "UNSIGNED"
Info (12021): Found 1 design units, including 1 entities, in source file db/lpm_divide_1am.tdf
    Info (12023): Found entity 1: lpm_divide_1am File: C:/Users/seba2/Documents/GitHub/GGuzman_SHernandez_SChen_digital-design-lab-2024/laboratorio2/ALU/db/lpm_divide_1am.tdf Line: 25
Warning (12241): 5 hierarchies have connectivity warnings - see the Connectivity Checks report folder
Warning (13024): Output pins are stuck at VCC or GND
    Warning (13410): Pin "seg2[1]" is stuck at GND File: C:/Users/seba2/Documents/GitHub/GGuzman_SHernandez_SChen_digital-design-lab-2024/laboratorio2/ALU/ALU_module.sv Line: 7
    Warning (13410): Pin "seg2[2]" is stuck at GND File: C:/Users/seba2/Documents/GitHub/GGuzman_SHernandez_SChen_digital-design-lab-2024/laboratorio2/ALU/ALU_module.sv Line: 7
    Warning (13410): Pin "seg2[6]" is stuck at VCC File: C:/Users/seba2/Documents/GitHub/GGuzman_SHernandez_SChen_digital-design-lab-2024/laboratorio2/ALU/ALU_module.sv Line: 7
Info (286030): Timing-Driven Synthesis is running
Info (144001): Generated suppressed messages file C:/Users/seba2/Documents/GitHub/GGuzman_SHernandez_SChen_digital-design-lab-2024/laboratorio2/ALU/output_files/ALU.map.smsg
Info (16010): Generating hard_block partition "hard_block:auto_generated_inst"
    Info (16011): Adding 0 node(s), including 0 DDIO, 0 PLL, 0 transceiver and 0 LCELL
Info (21057): Implemented 136 device resources after synthesis - the final resource count might be different
    Info (21058): Implemented 12 input pins
    Info (21059): Implemented 22 output pins
    Info (21061): Implemented 102 logic cells
Info: Quartus Prime Analysis & Synthesis was successful. 0 errors, 10 warnings
    Info: Peak virtual memory: 4832 megabytes
    Info: Processing ended: Sun Aug 25 14:50:26 2024
    Info: Elapsed time: 00:00:08
    Info: Total CPU time (on all processors): 00:00:18


+------------------------------------------+
; Analysis & Synthesis Suppressed Messages ;
+------------------------------------------+
The suppressed messages can be found in C:/Users/seba2/Documents/GitHub/GGuzman_SHernandez_SChen_digital-design-lab-2024/laboratorio2/ALU/output_files/ALU.map.smsg.


