Analysis & Synthesis report for Gato
Thu Sep 26 17:01:26 2024
Quartus Prime Version 20.1.1 Build 720 11/11/2020 SJ Lite Edition


---------------------
; Table of Contents ;
---------------------
  1. Legal Notice
  2. Analysis & Synthesis Summary
  3. Analysis & Synthesis Settings
  4. Parallel Compilation
  5. Analysis & Synthesis Source Files Read
  6. Analysis & Synthesis Resource Usage Summary
  7. Analysis & Synthesis Resource Utilization by Entity
  8. State Machine - |MEF|current_state
  9. Registers Removed During Synthesis
 10. General Register Statistics
 11. Inverted Register Statistics
 12. Parameter Settings for User Entity Instance: vgaController:vgaCont
 13. Port Connectivity Checks: "Debounce:comb_4"
 14. Port Connectivity Checks: "videoGen:vgagen"
 15. Post-Synthesis Netlist Statistics for Top Partition
 16. Elapsed Time Per Partition
 17. Analysis & Synthesis Messages



----------------
; Legal Notice ;
----------------
Copyright (C) 2020  Intel Corporation. All rights reserved.
Your use of Intel Corporation's design tools, logic functions 
and other software and tools, and any partner logic 
functions, and any output files from any of the foregoing 
(including device programming or simulation files), and any 
associated documentation or information are expressly subject 
to the terms and conditions of the Intel Program License 
Subscription Agreement, the Intel Quartus Prime License Agreement,
the Intel FPGA IP License Agreement, or other applicable license
agreement, including, without limitation, that your use is for
the sole purpose of programming logic devices manufactured by
Intel and sold by Intel or its authorized distributors.  Please
refer to the applicable agreement for further details, at
https://fpgasoftware.intel.com/eula.



+-------------------------------------------------------------------------------+
; Analysis & Synthesis Summary                                                  ;
+---------------------------------+---------------------------------------------+
; Analysis & Synthesis Status     ; Successful - Thu Sep 26 17:01:26 2024       ;
; Quartus Prime Version           ; 20.1.1 Build 720 11/11/2020 SJ Lite Edition ;
; Revision Name                   ; Gato                                        ;
; Top-level Entity Name           ; MEF                                         ;
; Family                          ; Cyclone V                                   ;
; Logic utilization (in ALMs)     ; N/A                                         ;
; Total registers                 ; 76                                          ;
; Total pins                      ; 51                                          ;
; Total virtual pins              ; 0                                           ;
; Total block memory bits         ; 0                                           ;
; Total DSP Blocks                ; 0                                           ;
; Total HSSI RX PCSs              ; 0                                           ;
; Total HSSI PMA RX Deserializers ; 0                                           ;
; Total HSSI TX PCSs              ; 0                                           ;
; Total HSSI PMA TX Serializers   ; 0                                           ;
; Total PLLs                      ; 0                                           ;
; Total DLLs                      ; 0                                           ;
+---------------------------------+---------------------------------------------+


+---------------------------------------------------------------------------------------------------------------------------+
; Analysis & Synthesis Settings                                                                                             ;
+---------------------------------------------------------------------------------+--------------------+--------------------+
; Option                                                                          ; Setting            ; Default Value      ;
+---------------------------------------------------------------------------------+--------------------+--------------------+
; Device                                                                          ; 5CSXFC6D6F31C6     ;                    ;
; Top-level entity name                                                           ; MEF                ; Gato               ;
; Family name                                                                     ; Cyclone V          ; Cyclone V          ;
; Use smart compilation                                                           ; Off                ; Off                ;
; Enable parallel Assembler and Timing Analyzer during compilation                ; On                 ; On                 ;
; Enable compact report table                                                     ; Off                ; Off                ;
; Restructure Multiplexers                                                        ; Auto               ; Auto               ;
; MLAB Add Timing Constraints For Mixed-Port Feed-Through Mode Setting Don't Care ; Off                ; Off                ;
; Create Debugging Nodes for IP Cores                                             ; Off                ; Off                ;
; Preserve fewer node names                                                       ; On                 ; On                 ;
; Intel FPGA IP Evaluation Mode                                                   ; Enable             ; Enable             ;
; Verilog Version                                                                 ; Verilog_2001       ; Verilog_2001       ;
; VHDL Version                                                                    ; VHDL_1993          ; VHDL_1993          ;
; State Machine Processing                                                        ; Auto               ; Auto               ;
; Safe State Machine                                                              ; Off                ; Off                ;
; Extract Verilog State Machines                                                  ; On                 ; On                 ;
; Extract VHDL State Machines                                                     ; On                 ; On                 ;
; Ignore Verilog initial constructs                                               ; Off                ; Off                ;
; Iteration limit for constant Verilog loops                                      ; 5000               ; 5000               ;
; Iteration limit for non-constant Verilog loops                                  ; 250                ; 250                ;
; Add Pass-Through Logic to Inferred RAMs                                         ; On                 ; On                 ;
; Infer RAMs from Raw Logic                                                       ; On                 ; On                 ;
; Parallel Synthesis                                                              ; On                 ; On                 ;
; DSP Block Balancing                                                             ; Auto               ; Auto               ;
; NOT Gate Push-Back                                                              ; On                 ; On                 ;
; Power-Up Don't Care                                                             ; On                 ; On                 ;
; Remove Redundant Logic Cells                                                    ; Off                ; Off                ;
; Remove Duplicate Registers                                                      ; On                 ; On                 ;
; Ignore CARRY Buffers                                                            ; Off                ; Off                ;
; Ignore CASCADE Buffers                                                          ; Off                ; Off                ;
; Ignore GLOBAL Buffers                                                           ; Off                ; Off                ;
; Ignore ROW GLOBAL Buffers                                                       ; Off                ; Off                ;
; Ignore LCELL Buffers                                                            ; Off                ; Off                ;
; Ignore SOFT Buffers                                                             ; On                 ; On                 ;
; Limit AHDL Integers to 32 Bits                                                  ; Off                ; Off                ;
; Optimization Technique                                                          ; Balanced           ; Balanced           ;
; Carry Chain Length                                                              ; 70                 ; 70                 ;
; Auto Carry Chains                                                               ; On                 ; On                 ;
; Auto Open-Drain Pins                                                            ; On                 ; On                 ;
; Perform WYSIWYG Primitive Resynthesis                                           ; Off                ; Off                ;
; Auto ROM Replacement                                                            ; On                 ; On                 ;
; Auto RAM Replacement                                                            ; On                 ; On                 ;
; Auto DSP Block Replacement                                                      ; On                 ; On                 ;
; Auto Shift Register Replacement                                                 ; Auto               ; Auto               ;
; Allow Shift Register Merging across Hierarchies                                 ; Auto               ; Auto               ;
; Auto Clock Enable Replacement                                                   ; On                 ; On                 ;
; Strict RAM Replacement                                                          ; Off                ; Off                ;
; Allow Synchronous Control Signals                                               ; On                 ; On                 ;
; Force Use of Synchronous Clear Signals                                          ; Off                ; Off                ;
; Auto Resource Sharing                                                           ; Off                ; Off                ;
; Allow Any RAM Size For Recognition                                              ; Off                ; Off                ;
; Allow Any ROM Size For Recognition                                              ; Off                ; Off                ;
; Allow Any Shift Register Size For Recognition                                   ; Off                ; Off                ;
; Use LogicLock Constraints during Resource Balancing                             ; On                 ; On                 ;
; Ignore translate_off and synthesis_off directives                               ; Off                ; Off                ;
; Timing-Driven Synthesis                                                         ; On                 ; On                 ;
; Report Parameter Settings                                                       ; On                 ; On                 ;
; Report Source Assignments                                                       ; On                 ; On                 ;
; Report Connectivity Checks                                                      ; On                 ; On                 ;
; Ignore Maximum Fan-Out Assignments                                              ; Off                ; Off                ;
; Synchronization Register Chain Length                                           ; 3                  ; 3                  ;
; Power Optimization During Synthesis                                             ; Normal compilation ; Normal compilation ;
; HDL message level                                                               ; Level2             ; Level2             ;
; Suppress Register Optimization Related Messages                                 ; Off                ; Off                ;
; Number of Removed Registers Reported in Synthesis Report                        ; 5000               ; 5000               ;
; Number of Swept Nodes Reported in Synthesis Report                              ; 5000               ; 5000               ;
; Number of Inverted Registers Reported in Synthesis Report                       ; 100                ; 100                ;
; Clock MUX Protection                                                            ; On                 ; On                 ;
; Auto Gated Clock Conversion                                                     ; Off                ; Off                ;
; Block Design Naming                                                             ; Auto               ; Auto               ;
; SDC constraint protection                                                       ; Off                ; Off                ;
; Synthesis Effort                                                                ; Auto               ; Auto               ;
; Shift Register Replacement - Allow Asynchronous Clear Signal                    ; On                 ; On                 ;
; Pre-Mapping Resynthesis Optimization                                            ; Off                ; Off                ;
; Analysis & Synthesis Message Level                                              ; Medium             ; Medium             ;
; Disable Register Merging Across Hierarchies                                     ; Auto               ; Auto               ;
; Resource Aware Inference For Block RAM                                          ; On                 ; On                 ;
; Automatic Parallel Synthesis                                                    ; On                 ; On                 ;
; Partial Reconfiguration Bitstream ID                                            ; Off                ; Off                ;
+---------------------------------------------------------------------------------+--------------------+--------------------+


+------------------------------------------+
; Parallel Compilation                     ;
+----------------------------+-------------+
; Processors                 ; Number      ;
+----------------------------+-------------+
; Number detected on machine ; 16          ;
; Maximum allowed            ; 16          ;
;                            ;             ;
; Average used               ; 1.00        ;
; Maximum used               ; 16          ;
;                            ;             ;
; Usage by Processor         ; % Time Used ;
;     Processor 1            ; 100.0%      ;
;     Processors 2-16        ;   0.0%      ;
+----------------------------+-------------+


+------------------------------------------------------------------------------------------------------------------------------------------------------------------------------------------------------------------------------------+
; Analysis & Synthesis Source Files Read                                                                                                                                                                                             ;
+----------------------------------+-----------------+------------------------------+--------------------------------------------------------------------------------------------------------------------------------------+---------+
; File Name with User-Entered Path ; Used in Netlist ; File Type                    ; File Name with Absolute Path                                                                                                         ; Library ;
+----------------------------------+-----------------+------------------------------+--------------------------------------------------------------------------------------------------------------------------------------+---------+
; Debounce.sv                      ; yes             ; User SystemVerilog HDL File  ; C:/Users/gabri/OneDrive/Desktop/Proyectos pichudos/GGuzman_SHernandez_SChen_digital-design-lab-2024/Laboratorio3/Debounce.sv         ;         ;
; vgaController.sv                 ; yes             ; User SystemVerilog HDL File  ; C:/Users/gabri/OneDrive/Desktop/Proyectos pichudos/GGuzman_SHernandez_SChen_digital-design-lab-2024/Laboratorio3/vgaController.sv    ;         ;
; pll.sv                           ; yes             ; User SystemVerilog HDL File  ; C:/Users/gabri/OneDrive/Desktop/Proyectos pichudos/GGuzman_SHernandez_SChen_digital-design-lab-2024/Laboratorio3/pll.sv              ;         ;
; videoGen.sv                      ; yes             ; User SystemVerilog HDL File  ; C:/Users/gabri/OneDrive/Desktop/Proyectos pichudos/GGuzman_SHernandez_SChen_digital-design-lab-2024/Laboratorio3/videoGen.sv         ;         ;
; MEF.sv                           ; yes             ; User SystemVerilog HDL File  ; C:/Users/gabri/OneDrive/Desktop/Proyectos pichudos/GGuzman_SHernandez_SChen_digital-design-lab-2024/Laboratorio3/MEF.sv              ;         ;
; Pantalla_Inicial.sv              ; yes             ; User SystemVerilog HDL File  ; C:/Users/gabri/OneDrive/Desktop/Proyectos pichudos/GGuzman_SHernandez_SChen_digital-design-lab-2024/Laboratorio3/Pantalla_Inicial.sv ;         ;
; matrixRegister.sv                ; yes             ; User SystemVerilog HDL File  ; C:/Users/gabri/OneDrive/Desktop/Proyectos pichudos/GGuzman_SHernandez_SChen_digital-design-lab-2024/Laboratorio3/matrixRegister.sv   ;         ;
; matrixControl.sv                 ; yes             ; User SystemVerilog HDL File  ; C:/Users/gabri/OneDrive/Desktop/Proyectos pichudos/GGuzman_SHernandez_SChen_digital-design-lab-2024/Laboratorio3/matrixControl.sv    ;         ;
+----------------------------------+-----------------+------------------------------+--------------------------------------------------------------------------------------------------------------------------------------+---------+


+---------------------------------------------------------+
; Analysis & Synthesis Resource Usage Summary             ;
+---------------------------------------------+-----------+
; Resource                                    ; Usage     ;
+---------------------------------------------+-----------+
; Estimate of Logic utilization (ALMs needed) ; 113       ;
;                                             ;           ;
; Combinational ALUT usage for logic          ; 188       ;
;     -- 7 input functions                    ; 3         ;
;     -- 6 input functions                    ; 33        ;
;     -- 5 input functions                    ; 25        ;
;     -- 4 input functions                    ; 43        ;
;     -- <=3 input functions                  ; 84        ;
;                                             ;           ;
; Dedicated logic registers                   ; 76        ;
;                                             ;           ;
; I/O pins                                    ; 51        ;
;                                             ;           ;
; Total DSP Blocks                            ; 0         ;
;                                             ;           ;
; Maximum fan-out node                        ; clk~input ;
; Maximum fan-out                             ; 56        ;
; Total fan-out                               ; 1045      ;
; Average fan-out                             ; 2.86      ;
+---------------------------------------------+-----------+


+--------------------------------------------------------------------------------------------------------------------------------------------------------------------------------------------------------------------------+
; Analysis & Synthesis Resource Utilization by Entity                                                                                                                                                                      ;
+---------------------------------------+---------------------+---------------------------+-------------------+------------+------+--------------+---------------------------------------+------------------+--------------+
; Compilation Hierarchy Node            ; Combinational ALUTs ; Dedicated Logic Registers ; Block Memory Bits ; DSP Blocks ; Pins ; Virtual Pins ; Full Hierarchy Name                   ; Entity Name      ; Library Name ;
+---------------------------------------+---------------------+---------------------------+-------------------+------------+------+--------------+---------------------------------------+------------------+--------------+
; |MEF                                  ; 188 (35)            ; 76 (2)                    ; 0                 ; 0          ; 51   ; 0            ; |MEF                                  ; MEF              ; work         ;
;    |Debounce:comb_5|                  ; 38 (1)              ; 30 (0)                    ; 0                 ; 0          ; 0    ; 0            ; |MEF|Debounce:comb_5                  ; Debounce         ; work         ;
;       |clock_enable:u1|               ; 37 (37)             ; 27 (27)                   ; 0                 ; 0          ; 0    ; 0            ; |MEF|Debounce:comb_5|clock_enable:u1  ; clock_enable     ; work         ;
;       |my_dff_en:d0|                  ; 0 (0)               ; 1 (1)                     ; 0                 ; 0          ; 0    ; 0            ; |MEF|Debounce:comb_5|my_dff_en:d0     ; my_dff_en        ; work         ;
;       |my_dff_en:d1|                  ; 0 (0)               ; 1 (1)                     ; 0                 ; 0          ; 0    ; 0            ; |MEF|Debounce:comb_5|my_dff_en:d1     ; my_dff_en        ; work         ;
;       |my_dff_en:d2|                  ; 0 (0)               ; 1 (1)                     ; 0                 ; 0          ; 0    ; 0            ; |MEF|Debounce:comb_5|my_dff_en:d2     ; my_dff_en        ; work         ;
;    |Pantalla_Inicial:pantallaInicial| ; 20 (20)             ; 0 (0)                     ; 0                 ; 0          ; 0    ; 0            ; |MEF|Pantalla_Inicial:pantallaInicial ; Pantalla_Inicial ; work         ;
;    |matrixControl:u_matrixControl|    ; 39 (39)             ; 14 (14)                   ; 0                 ; 0          ; 0    ; 0            ; |MEF|matrixControl:u_matrixControl    ; matrixControl    ; work         ;
;    |matrixRegister:u_matrixRegister|  ; 0 (0)               ; 9 (9)                     ; 0                 ; 0          ; 0    ; 0            ; |MEF|matrixRegister:u_matrixRegister  ; matrixRegister   ; work         ;
;    |pll:vgapll|                       ; 1 (1)               ; 1 (1)                     ; 0                 ; 0          ; 0    ; 0            ; |MEF|pll:vgapll                       ; pll              ; work         ;
;    |vgaController:vgaCont|            ; 30 (30)             ; 20 (20)                   ; 0                 ; 0          ; 0    ; 0            ; |MEF|vgaController:vgaCont            ; vgaController    ; work         ;
;    |videoGen:vgagen|                  ; 25 (25)             ; 0 (0)                     ; 0                 ; 0          ; 0    ; 0            ; |MEF|videoGen:vgagen                  ; videoGen         ; work         ;
+---------------------------------------+---------------------+---------------------------+-------------------+------------+------+--------------+---------------------------------------+------------------+--------------+
Note: For table entries with two numbers listed, the numbers in parentheses indicate the number of resources of the given type used by the specific entity alone. The numbers listed outside of parentheses indicate the total resources of the given type used by the specific entity and all of its sub-entities in the hierarchy.


Encoding Type:  One-Hot
+-------------------------------------+
; State Machine - |MEF|current_state  ;
+------------------+------------------+
; Name             ; current_state.S1 ;
+------------------+------------------+
; current_state.S0 ; 0                ;
; current_state.S1 ; 1                ;
+------------------+------------------+


+--------------------------------------------------------------------------------+
; Registers Removed During Synthesis                                             ;
+---------------------------------------+----------------------------------------+
; Register name                         ; Reason for Removal                     ;
+---------------------------------------+----------------------------------------+
; estado[3]~reg0                        ; Stuck at GND due to stuck port data_in ;
; estado[2]~reg0                        ; Stuck at GND due to stuck port data_in ;
; estado[1]~reg0                        ; Stuck at GND due to stuck port data_in ;
; current_state~5                       ; Lost fanout                            ;
; current_state~6                       ; Lost fanout                            ;
; current_state~7                       ; Lost fanout                            ;
; Total Number of Removed Registers = 6 ;                                        ;
+---------------------------------------+----------------------------------------+


+------------------------------------------------------+
; General Register Statistics                          ;
+----------------------------------------------+-------+
; Statistic                                    ; Value ;
+----------------------------------------------+-------+
; Total registers                              ; 76    ;
; Number of registers using Synchronous Clear  ; 47    ;
; Number of registers using Synchronous Load   ; 0     ;
; Number of registers using Asynchronous Clear ; 25    ;
; Number of registers using Asynchronous Load  ; 0     ;
; Number of registers using Clock Enable       ; 35    ;
; Number of registers using Preset             ; 0     ;
+----------------------------------------------+-------+


+--------------------------------------------------+
; Inverted Register Statistics                     ;
+----------------------------------------+---------+
; Inverted Register                      ; Fan out ;
+----------------------------------------+---------+
; matrixControl:u_matrixControl|index[3] ; 7       ;
; Total number of inverted registers = 1 ;         ;
+----------------------------------------+---------+


+--------------------------------------------------------------------+
; Parameter Settings for User Entity Instance: vgaController:vgaCont ;
+----------------+------------+--------------------------------------+
; Parameter Name ; Value      ; Type                                 ;
+----------------+------------+--------------------------------------+
; HACTIVE        ; 1010000000 ; Unsigned Binary                      ;
; HFP            ; 0000010000 ; Unsigned Binary                      ;
; HSYN           ; 0001100000 ; Unsigned Binary                      ;
; HBP            ; 0000110000 ; Unsigned Binary                      ;
; HMAX           ; 1100100000 ; Unsigned Binary                      ;
; VBP            ; 0000100001 ; Unsigned Binary                      ;
; VACTIVE        ; 0111100000 ; Unsigned Binary                      ;
; VFP            ; 0000001010 ; Unsigned Binary                      ;
; VSYN           ; 0000000010 ; Unsigned Binary                      ;
; VMAX           ; 1000001101 ; Unsigned Binary                      ;
+----------------+------------+--------------------------------------+
Note: In order to hide this table in the UI and the text report file, please set the "Show Parameter Settings in Synthesis Report" option in "Analysis and Synthesis Settings -> More Settings" to "Off".


+------------------------------------------------------------------------------------------------------------------+
; Port Connectivity Checks: "Debounce:comb_4"                                                                      ;
+--------+--------+----------+-------------------------------------------------------------------------------------+
; Port   ; Type   ; Severity ; Details                                                                             ;
+--------+--------+----------+-------------------------------------------------------------------------------------+
; pb_out ; Output ; Info     ; Connected to dangling logic. Logic that only feeds a dangling port will be removed. ;
+--------+--------+----------+-------------------------------------------------------------------------------------+


+-------------------------------------------------------------------------------------------------------------------------------------------------------------------------+
; Port Connectivity Checks: "videoGen:vgagen"                                                                                                                             ;
+-------+-------+----------+----------------------------------------------------------------------------------------------------------------------------------------------+
; Port  ; Type  ; Severity ; Details                                                                                                                                      ;
+-------+-------+----------+----------------------------------------------------------------------------------------------------------------------------------------------+
; clk   ; Input ; Warning  ; Declared by entity but not connected by instance. If a default value exists, it will be used.  Otherwise, the port will be connected to GND. ;
; rst_n ; Input ; Warning  ; Declared by entity but not connected by instance. If a default value exists, it will be used.  Otherwise, the port will be connected to GND. ;
+-------+-------+----------+----------------------------------------------------------------------------------------------------------------------------------------------+


+-----------------------------------------------------+
; Post-Synthesis Netlist Statistics for Top Partition ;
+-----------------------+-----------------------------+
; Type                  ; Count                       ;
+-----------------------+-----------------------------+
; arriav_ff             ; 76                          ;
;     CLR               ; 3                           ;
;     ENA               ; 3                           ;
;     ENA CLR           ; 22                          ;
;     ENA SCLR          ; 10                          ;
;     SCLR              ; 37                          ;
;     plain             ; 1                           ;
; arriav_lcell_comb     ; 190                         ;
;     arith             ; 47                          ;
;         1 data inputs ; 47                          ;
;     extend            ; 3                           ;
;         7 data inputs ; 3                           ;
;     normal            ; 140                         ;
;         0 data inputs ; 1                           ;
;         1 data inputs ; 3                           ;
;         2 data inputs ; 11                          ;
;         3 data inputs ; 24                          ;
;         4 data inputs ; 43                          ;
;         5 data inputs ; 25                          ;
;         6 data inputs ; 33                          ;
; boundary_port         ; 51                          ;
;                       ;                             ;
; Max LUT depth         ; 4.00                        ;
; Average LUT depth     ; 2.76                        ;
+-----------------------+-----------------------------+


+-------------------------------+
; Elapsed Time Per Partition    ;
+----------------+--------------+
; Partition Name ; Elapsed Time ;
+----------------+--------------+
; Top            ; 00:00:00     ;
+----------------+--------------+


+-------------------------------+
; Analysis & Synthesis Messages ;
+-------------------------------+
Info: *******************************************************************
Info: Running Quartus Prime Analysis & Synthesis
    Info: Version 20.1.1 Build 720 11/11/2020 SJ Lite Edition
    Info: Processing started: Thu Sep 26 17:01:17 2024
Info: Command: quartus_map --read_settings_files=on --write_settings_files=off Gato -c Gato
Warning (18236): Number of processors has not been specified which may cause overloading on shared machines.  Set the global assignment NUM_PARALLEL_PROCESSORS in your QSF to an appropriate value for best performance.
Info (20030): Parallel compilation is enabled and will use 16 of the 16 processors detected
Info (12021): Found 3 design units, including 3 entities, in source file debounce.sv
    Info (12023): Found entity 1: Debounce File: C:/Users/gabri/OneDrive/Desktop/Proyectos pichudos/GGuzman_SHernandez_SChen_digital-design-lab-2024/Laboratorio3/Debounce.sv Line: 1
    Info (12023): Found entity 2: clock_enable File: C:/Users/gabri/OneDrive/Desktop/Proyectos pichudos/GGuzman_SHernandez_SChen_digital-design-lab-2024/Laboratorio3/Debounce.sv Line: 22
    Info (12023): Found entity 3: my_dff_en File: C:/Users/gabri/OneDrive/Desktop/Proyectos pichudos/GGuzman_SHernandez_SChen_digital-design-lab-2024/Laboratorio3/Debounce.sv Line: 40
Info (12021): Found 1 design units, including 1 entities, in source file spimaster.sv
    Info (12023): Found entity 1: spiMaster File: C:/Users/gabri/OneDrive/Desktop/Proyectos pichudos/GGuzman_SHernandez_SChen_digital-design-lab-2024/Laboratorio3/spiMaster.sv Line: 1
Info (12021): Found 1 design units, including 1 entities, in source file vgacontroller.sv
    Info (12023): Found entity 1: vgaController File: C:/Users/gabri/OneDrive/Desktop/Proyectos pichudos/GGuzman_SHernandez_SChen_digital-design-lab-2024/Laboratorio3/vgaController.sv Line: 2
Info (12021): Found 1 design units, including 1 entities, in source file vga.sv
    Info (12023): Found entity 1: vga File: C:/Users/gabri/OneDrive/Desktop/Proyectos pichudos/GGuzman_SHernandez_SChen_digital-design-lab-2024/Laboratorio3/vga.sv Line: 1
Info (12021): Found 1 design units, including 1 entities, in source file pll.sv
    Info (12023): Found entity 1: pll File: C:/Users/gabri/OneDrive/Desktop/Proyectos pichudos/GGuzman_SHernandez_SChen_digital-design-lab-2024/Laboratorio3/pll.sv Line: 1
Info (12021): Found 1 design units, including 1 entities, in source file rectgen.sv
    Info (12023): Found entity 1: rectgen File: C:/Users/gabri/OneDrive/Desktop/Proyectos pichudos/GGuzman_SHernandez_SChen_digital-design-lab-2024/Laboratorio3/rectgen.sv Line: 1
Info (12021): Found 1 design units, including 1 entities, in source file videogen.sv
    Info (12023): Found entity 1: videoGen File: C:/Users/gabri/OneDrive/Desktop/Proyectos pichudos/GGuzman_SHernandez_SChen_digital-design-lab-2024/Laboratorio3/videoGen.sv Line: 33
Info (12021): Found 1 design units, including 1 entities, in source file mef.sv
    Info (12023): Found entity 1: MEF File: C:/Users/gabri/OneDrive/Desktop/Proyectos pichudos/GGuzman_SHernandez_SChen_digital-design-lab-2024/Laboratorio3/MEF.sv Line: 152
Info (12021): Found 1 design units, including 1 entities, in source file pantalla_inicial.sv
    Info (12023): Found entity 1: Pantalla_Inicial File: C:/Users/gabri/OneDrive/Desktop/Proyectos pichudos/GGuzman_SHernandez_SChen_digital-design-lab-2024/Laboratorio3/Pantalla_Inicial.sv Line: 1
Info (12021): Found 1 design units, including 1 entities, in source file matrixregister.sv
    Info (12023): Found entity 1: matrixRegister File: C:/Users/gabri/OneDrive/Desktop/Proyectos pichudos/GGuzman_SHernandez_SChen_digital-design-lab-2024/Laboratorio3/matrixRegister.sv Line: 1
Info (12021): Found 1 design units, including 1 entities, in source file matrixcontrol.sv
    Info (12023): Found entity 1: matrixControl File: C:/Users/gabri/OneDrive/Desktop/Proyectos pichudos/GGuzman_SHernandez_SChen_digital-design-lab-2024/Laboratorio3/matrixControl.sv Line: 1
Info (12021): Found 1 design units, including 1 entities, in source file mef_testbench.sv
    Info (12023): Found entity 1: MEF_testbench File: C:/Users/gabri/OneDrive/Desktop/Proyectos pichudos/GGuzman_SHernandez_SChen_digital-design-lab-2024/Laboratorio3/MEF_testbench.sv Line: 1
Warning (10236): Verilog HDL Implicit Net warning at MEF.sv(218): created implicit net for "Idebounced" File: C:/Users/gabri/OneDrive/Desktop/Proyectos pichudos/GGuzman_SHernandez_SChen_digital-design-lab-2024/Laboratorio3/MEF.sv Line: 218
Warning (10236): Verilog HDL Implicit Net warning at MEF.sv(223): created implicit net for "Wdebounced" File: C:/Users/gabri/OneDrive/Desktop/Proyectos pichudos/GGuzman_SHernandez_SChen_digital-design-lab-2024/Laboratorio3/MEF.sv Line: 223
Critical Warning (10846): Verilog HDL Instantiation warning at MEF.sv(219): instance has no name File: C:/Users/gabri/OneDrive/Desktop/Proyectos pichudos/GGuzman_SHernandez_SChen_digital-design-lab-2024/Laboratorio3/MEF.sv Line: 219
Critical Warning (10846): Verilog HDL Instantiation warning at MEF.sv(224): instance has no name File: C:/Users/gabri/OneDrive/Desktop/Proyectos pichudos/GGuzman_SHernandez_SChen_digital-design-lab-2024/Laboratorio3/MEF.sv Line: 224
Info (12127): Elaborating entity "MEF" for the top level hierarchy
Warning (10034): Output port "W_deb" at MEF.sv(161) has no driver File: C:/Users/gabri/OneDrive/Desktop/Proyectos pichudos/GGuzman_SHernandez_SChen_digital-design-lab-2024/Laboratorio3/MEF.sv Line: 161
Warning (10034): Output port "I_deb" at MEF.sv(162) has no driver File: C:/Users/gabri/OneDrive/Desktop/Proyectos pichudos/GGuzman_SHernandez_SChen_digital-design-lab-2024/Laboratorio3/MEF.sv Line: 162
Info (12128): Elaborating entity "pll" for hierarchy "pll:vgapll" File: C:/Users/gabri/OneDrive/Desktop/Proyectos pichudos/GGuzman_SHernandez_SChen_digital-design-lab-2024/Laboratorio3/MEF.sv Line: 175
Info (12128): Elaborating entity "vgaController" for hierarchy "vgaController:vgaCont" File: C:/Users/gabri/OneDrive/Desktop/Proyectos pichudos/GGuzman_SHernandez_SChen_digital-design-lab-2024/Laboratorio3/MEF.sv Line: 178
Info (12128): Elaborating entity "Pantalla_Inicial" for hierarchy "Pantalla_Inicial:pantallaInicial" File: C:/Users/gabri/OneDrive/Desktop/Proyectos pichudos/GGuzman_SHernandez_SChen_digital-design-lab-2024/Laboratorio3/MEF.sv Line: 187
Info (12128): Elaborating entity "videoGen" for hierarchy "videoGen:vgagen" File: C:/Users/gabri/OneDrive/Desktop/Proyectos pichudos/GGuzman_SHernandez_SChen_digital-design-lab-2024/Laboratorio3/MEF.sv Line: 197
Info (12128): Elaborating entity "Debounce" for hierarchy "Debounce:comb_4" File: C:/Users/gabri/OneDrive/Desktop/Proyectos pichudos/GGuzman_SHernandez_SChen_digital-design-lab-2024/Laboratorio3/MEF.sv Line: 219
Info (12128): Elaborating entity "clock_enable" for hierarchy "Debounce:comb_4|clock_enable:u1" File: C:/Users/gabri/OneDrive/Desktop/Proyectos pichudos/GGuzman_SHernandez_SChen_digital-design-lab-2024/Laboratorio3/Debounce.sv Line: 9
Warning (10230): Verilog HDL assignment warning at Debounce.sv(33): truncated value with size 32 to match size of target (27) File: C:/Users/gabri/OneDrive/Desktop/Proyectos pichudos/GGuzman_SHernandez_SChen_digital-design-lab-2024/Laboratorio3/Debounce.sv Line: 33
Info (12128): Elaborating entity "my_dff_en" for hierarchy "Debounce:comb_4|my_dff_en:d0" File: C:/Users/gabri/OneDrive/Desktop/Proyectos pichudos/GGuzman_SHernandez_SChen_digital-design-lab-2024/Laboratorio3/Debounce.sv Line: 12
Info (12128): Elaborating entity "matrixControl" for hierarchy "matrixControl:u_matrixControl" File: C:/Users/gabri/OneDrive/Desktop/Proyectos pichudos/GGuzman_SHernandez_SChen_digital-design-lab-2024/Laboratorio3/MEF.sv Line: 235
Info (12128): Elaborating entity "matrixRegister" for hierarchy "matrixRegister:u_matrixRegister" File: C:/Users/gabri/OneDrive/Desktop/Proyectos pichudos/GGuzman_SHernandez_SChen_digital-design-lab-2024/Laboratorio3/MEF.sv Line: 244
Warning (12241): 1 hierarchies have connectivity warnings - see the Connectivity Checks report folder
Warning (13004): Presettable and clearable registers converted to equivalent circuits with latches. Registers power-up to an undefined state, and DEVCLRn places the registers in an undefined state.
    Warning (13310): Register "matrixControl:u_matrixControl|temp_matrix[0]" is converted into an equivalent circuit using register "matrixControl:u_matrixControl|temp_matrix[0]~_emulated" and latch "matrixControl:u_matrixControl|temp_matrix[0]~1" File: C:/Users/gabri/OneDrive/Desktop/Proyectos pichudos/GGuzman_SHernandez_SChen_digital-design-lab-2024/Laboratorio3/matrixControl.sv Line: 33
    Warning (13310): Register "matrixControl:u_matrixControl|temp_matrix[1]" is converted into an equivalent circuit using register "matrixControl:u_matrixControl|temp_matrix[1]~_emulated" and latch "matrixControl:u_matrixControl|temp_matrix[1]~5" File: C:/Users/gabri/OneDrive/Desktop/Proyectos pichudos/GGuzman_SHernandez_SChen_digital-design-lab-2024/Laboratorio3/matrixControl.sv Line: 33
    Warning (13310): Register "matrixControl:u_matrixControl|temp_matrix[2]" is converted into an equivalent circuit using register "matrixControl:u_matrixControl|temp_matrix[2]~_emulated" and latch "matrixControl:u_matrixControl|temp_matrix[2]~9" File: C:/Users/gabri/OneDrive/Desktop/Proyectos pichudos/GGuzman_SHernandez_SChen_digital-design-lab-2024/Laboratorio3/matrixControl.sv Line: 33
    Warning (13310): Register "matrixControl:u_matrixControl|temp_matrix[3]" is converted into an equivalent circuit using register "matrixControl:u_matrixControl|temp_matrix[3]~_emulated" and latch "matrixControl:u_matrixControl|temp_matrix[3]~13" File: C:/Users/gabri/OneDrive/Desktop/Proyectos pichudos/GGuzman_SHernandez_SChen_digital-design-lab-2024/Laboratorio3/matrixControl.sv Line: 33
    Warning (13310): Register "matrixControl:u_matrixControl|temp_matrix[4]" is converted into an equivalent circuit using register "matrixControl:u_matrixControl|temp_matrix[4]~_emulated" and latch "matrixControl:u_matrixControl|temp_matrix[4]~17" File: C:/Users/gabri/OneDrive/Desktop/Proyectos pichudos/GGuzman_SHernandez_SChen_digital-design-lab-2024/Laboratorio3/matrixControl.sv Line: 33
    Warning (13310): Register "matrixControl:u_matrixControl|temp_matrix[5]" is converted into an equivalent circuit using register "matrixControl:u_matrixControl|temp_matrix[5]~_emulated" and latch "matrixControl:u_matrixControl|temp_matrix[5]~21" File: C:/Users/gabri/OneDrive/Desktop/Proyectos pichudos/GGuzman_SHernandez_SChen_digital-design-lab-2024/Laboratorio3/matrixControl.sv Line: 33
    Warning (13310): Register "matrixControl:u_matrixControl|temp_matrix[6]" is converted into an equivalent circuit using register "matrixControl:u_matrixControl|temp_matrix[6]~_emulated" and latch "matrixControl:u_matrixControl|temp_matrix[6]~25" File: C:/Users/gabri/OneDrive/Desktop/Proyectos pichudos/GGuzman_SHernandez_SChen_digital-design-lab-2024/Laboratorio3/matrixControl.sv Line: 33
    Warning (13310): Register "matrixControl:u_matrixControl|temp_matrix[7]" is converted into an equivalent circuit using register "matrixControl:u_matrixControl|temp_matrix[7]~_emulated" and latch "matrixControl:u_matrixControl|temp_matrix[7]~29" File: C:/Users/gabri/OneDrive/Desktop/Proyectos pichudos/GGuzman_SHernandez_SChen_digital-design-lab-2024/Laboratorio3/matrixControl.sv Line: 33
    Warning (13310): Register "matrixControl:u_matrixControl|temp_matrix[8]" is converted into an equivalent circuit using register "matrixControl:u_matrixControl|temp_matrix[8]~_emulated" and latch "matrixControl:u_matrixControl|temp_matrix[8]~33" File: C:/Users/gabri/OneDrive/Desktop/Proyectos pichudos/GGuzman_SHernandez_SChen_digital-design-lab-2024/Laboratorio3/matrixControl.sv Line: 33
Warning (13024): Output pins are stuck at VCC or GND
    Warning (13410): Pin "estado[1]" is stuck at GND File: C:/Users/gabri/OneDrive/Desktop/Proyectos pichudos/GGuzman_SHernandez_SChen_digital-design-lab-2024/Laboratorio3/MEF.sv Line: 353
    Warning (13410): Pin "estado[2]" is stuck at GND File: C:/Users/gabri/OneDrive/Desktop/Proyectos pichudos/GGuzman_SHernandez_SChen_digital-design-lab-2024/Laboratorio3/MEF.sv Line: 353
    Warning (13410): Pin "estado[3]" is stuck at GND File: C:/Users/gabri/OneDrive/Desktop/Proyectos pichudos/GGuzman_SHernandez_SChen_digital-design-lab-2024/Laboratorio3/MEF.sv Line: 353
    Warning (13410): Pin "g[0]" is stuck at GND File: C:/Users/gabri/OneDrive/Desktop/Proyectos pichudos/GGuzman_SHernandez_SChen_digital-design-lab-2024/Laboratorio3/MEF.sv Line: 158
    Warning (13410): Pin "g[1]" is stuck at GND File: C:/Users/gabri/OneDrive/Desktop/Proyectos pichudos/GGuzman_SHernandez_SChen_digital-design-lab-2024/Laboratorio3/MEF.sv Line: 158
    Warning (13410): Pin "g[2]" is stuck at GND File: C:/Users/gabri/OneDrive/Desktop/Proyectos pichudos/GGuzman_SHernandez_SChen_digital-design-lab-2024/Laboratorio3/MEF.sv Line: 158
    Warning (13410): Pin "g[3]" is stuck at GND File: C:/Users/gabri/OneDrive/Desktop/Proyectos pichudos/GGuzman_SHernandez_SChen_digital-design-lab-2024/Laboratorio3/MEF.sv Line: 158
    Warning (13410): Pin "g[4]" is stuck at GND File: C:/Users/gabri/OneDrive/Desktop/Proyectos pichudos/GGuzman_SHernandez_SChen_digital-design-lab-2024/Laboratorio3/MEF.sv Line: 158
    Warning (13410): Pin "g[5]" is stuck at GND File: C:/Users/gabri/OneDrive/Desktop/Proyectos pichudos/GGuzman_SHernandez_SChen_digital-design-lab-2024/Laboratorio3/MEF.sv Line: 158
    Warning (13410): Pin "g[6]" is stuck at GND File: C:/Users/gabri/OneDrive/Desktop/Proyectos pichudos/GGuzman_SHernandez_SChen_digital-design-lab-2024/Laboratorio3/MEF.sv Line: 158
    Warning (13410): Pin "g[7]" is stuck at GND File: C:/Users/gabri/OneDrive/Desktop/Proyectos pichudos/GGuzman_SHernandez_SChen_digital-design-lab-2024/Laboratorio3/MEF.sv Line: 158
    Warning (13410): Pin "W_deb" is stuck at GND File: C:/Users/gabri/OneDrive/Desktop/Proyectos pichudos/GGuzman_SHernandez_SChen_digital-design-lab-2024/Laboratorio3/MEF.sv Line: 161
    Warning (13410): Pin "I_deb" is stuck at GND File: C:/Users/gabri/OneDrive/Desktop/Proyectos pichudos/GGuzman_SHernandez_SChen_digital-design-lab-2024/Laboratorio3/MEF.sv Line: 162
Info (286030): Timing-Driven Synthesis is running
Info (17049): 3 registers lost all their fanouts during netlist optimizations.
Info (16010): Generating hard_block partition "hard_block:auto_generated_inst"
    Info (16011): Adding 0 node(s), including 0 DDIO, 0 PLL, 0 transceiver and 0 LCELL
Info (21057): Implemented 263 device resources after synthesis - the final resource count might be different
    Info (21058): Implemented 6 input pins
    Info (21059): Implemented 45 output pins
    Info (21061): Implemented 212 logic cells
Info: Quartus Prime Analysis & Synthesis was successful. 0 errors, 33 warnings
    Info: Peak virtual memory: 4902 megabytes
    Info: Processing ended: Thu Sep 26 17:01:26 2024
    Info: Elapsed time: 00:00:09
    Info: Total CPU time (on all processors): 00:00:13


